<?xml version="1.0" encoding="UTF-8"?>
<!-- Generated by org.testng.reporters.JUnitXMLReporter -->
<testsuite ignored="0" hostname="DESKTOP-66M8MR2" failures="0" tests="3" name="Default test" time="81.799" errors="0" timestamp="2021-10-14T20:04:57 TRT">
  <testcase classname="testcases.AddEmployeTest" name="addEmployee" time="17.16"/>
  <testcase classname="testcases.AddEmployeTest" name="addEmployee" time="17.583"/>
  <testcase classname="testcases.AddEmployeTest" name="addEmployee" time="17.438"/>
</testsuite> <!-- Default test -->
