<?xml version="1.0" encoding="UTF-8"?>
<testsuite xmlns:xsi="http://www.w3.org/2001/XMLSchema-instance" xsi:noNamespaceSchemaLocation="https://maven.apache.org/surefire/maven-surefire-plugin/xsd/surefire-test-report-3.0.xsd" version="3.0" name="TestSuite" time="22.95" tests="2" errors="0" skipped="0" failures="1">
  <properties>
[...]
</properties>
  <testcase name="login" classname="testcases.LoginTest" time="11.649"/>
  <testcase name="emptyPasswordLogin" classname="testcases.LoginTest" time="9.383">
    <failure message="Error message doesn&apos;t match expected [La contraseña no puede estar vacía] but found [Password can not be empty]" type="java.lang.AssertionError"><![CDATA[java.lang.AssertionError: Error message doesn't match expected [La contraseña no puede estar vacía] but found [Password can not be empty]
	at testcases.LoginTest.emptyPasswordLogin(LoginTest.java:47)
]]></failure>
    <system-out><![CDATA[Test Started emptyPasswordLogin
Test Failed emptyPasswordLogin
]]></system-out>
    <system-err><![CDATA[Starting ChromeDriver 94.0.4606.61 (418b78f5838ed0b1c69bb4e51ea0252171854915-refs/branch-heads/4606@{#1204}) on port 13009
Only local connections are allowed.
Please see https://chromedriver.chromium.org/security-considerations for suggestions on keeping ChromeDriver safe.
ChromeDriver was started successfully.
Oct 14, 2021 9:55:02 PM org.openqa.selenium.remote.ProtocolHandshake createSession
INFO: Detected dialect: W3C
]]></system-err>
  </testcase>
</testsuite>